[    1222ms] [INFO] %cDownload the React DevTools for a better development experience: https://reactjs.org/link/react-devtools font-weight:bold @ http://localhost:3001/node_modules/.vite/deps/chunk-RPCDYKBN.js?v=20785bc1:21550
[    1272ms] [WARNING] ⚠️ React Router Future Flag Warning: React Router will begin wrapping state updates in `React.startTransition` in v7. You can use the `v7_startTransition` future flag to opt-in early. For more information, see https://reactrouter.com/v6/upgrading/future#v7_starttransition. @ http://localhost:3001/node_modules/.vite/deps/react-router-dom.js?v=20785bc1:4426
[    1631ms] [ERROR] Failed to load resource: the server responded with a status of 401 () @ https://api.shomaj.one/api/v1/auth/refresh:0
[    1636ms] [ERROR] Failed to load resource: the server responded with a status of 401 () @ https://api.shomaj.one/api/v1/auth/refresh:0
[    1747ms] [ERROR] Failed to load resource: the server responded with a status of 401 () @ https://api.shomaj.one/api/v1/auth/refresh:0
[    1861ms] [INFO] %cDownload the React DevTools for a better development experience: https://reactjs.org/link/react-devtools font-weight:bold @ http://localhost:3001/node_modules/.vite/deps/chunk-RPCDYKBN.js?v=20785bc1:21550
[    1904ms] [ERROR] Warning: Function components cannot be given refs. Attempts to access this ref will fail. Did you mean to use React.forwardRef()?%s%s 

Check the render method of `Controller`. 
    at Input (http://localhost:3001/src/components/ui/input.tsx:18:18)
    at div
    at http://localhost:3001/node_modules/.vite/deps/chunk-IHHUUU3D.js?v=20785bc1:88:13
    at http://localhost:3001/node_modules/.vite/deps/chunk-IHHUUU3D.js?v=20785bc1:65:13
    at http://localhost:3001/src/components/ui/form.tsx:121:9
    at div
    at http://localhost:3001/src/components/ui/form.tsx:71:6
    at Controller (http://localhost:3001/node_modules/.vite/deps/chunk-V64FC5WX.js?v=20785bc1:374:35)
    at FormField (http://localhost:3001/src/components/ui/form.tsx:32:6)
    at form
    at FormProvider (http://localhost:3001/node_modules/.vite/deps/chunk-V64FC5WX.js?v=20785bc1:393:11)
    at div
    at div
    at main
    at LoginPage (http://localhost:3001/src/app/login/page.tsx:62:20)
    at RenderedRoute (http://localhost:3001/node_modules/.vite/deps/react-router-dom.js?v=20785bc1:4122:5)
    at RenderErrorBoundary (http://localhost:3001/node_modules/.vite/deps/react-router-dom.js?v=20785bc1:4082:5)
    at DataRoutes (http://localhost:3001/node_modules/.vite/deps/react-router-dom.js?v=20785bc1:5265:5)
    at Router (http://localhost:3001/node_modules/.vite/deps/react-router-dom.js?v=20785bc1:4535:15)
    at RouterProvider (http://localhost:3001/node_modules/.vite/deps/react-router-dom.js?v=20785bc1:5079:5)
    at ItemDetailProvider (http://localhost:3001/src/components/providers/ItemDetailContext.tsx:33:38)
    at QueryClientProvider (http://localhost:3001/node_modules/.vite/deps/chunk-INRFYZBO.js?v=20785bc1:3168:3)
    at PersistQueryClientProvider (http://localhost:3001/node_modules/.vite/deps/@tanstack_react-query-persist-client.js?v=20785bc1:353:3)
    at AuthProvider (http://localhost:3001/src/components/auth/AuthProvider.tsx:29:32)
    at OfflineProvider (http://localhost:3001/src/components/providers/offline-provider.tsx:22:35)
    at Providers (http://localhost:3001/src/components/providers.tsx:44:29)
    at App @ http://localhost:3001/node_modules/.vite/deps/chunk-RPCDYKBN.js?v=20785bc1:520
[    1906ms] [ERROR] Warning: Function components cannot be given refs. Attempts to access this ref will fail. Did you mean to use React.forwardRef()?%s%s 

Check the render method of `Controller`. 
    at Input (http://localhost:3001/src/components/ui/input.tsx:18:18)
    at div
    at http://localhost:3001/node_modules/.vite/deps/chunk-IHHUUU3D.js?v=20785bc1:88:13
    at http://localhost:3001/node_modules/.vite/deps/chunk-IHHUUU3D.js?v=20785bc1:65:13
    at http://localhost:3001/src/components/ui/form.tsx:121:9
    at div
    at http://localhost:3001/src/components/ui/form.tsx:71:6
    at Controller (http://localhost:3001/node_modules/.vite/deps/chunk-V64FC5WX.js?v=20785bc1:374:35)
    at FormField (http://localhost:3001/src/components/ui/form.tsx:32:6)
    at form
    at FormProvider (http://localhost:3001/node_modules/.vite/deps/chunk-V64FC5WX.js?v=20785bc1:393:11)
    at div
    at div
    at main
    at LoginPage (http://localhost:3001/src/app/login/page.tsx:62:20)
    at RenderedRoute (http://localhost:3001/node_modules/.vite/deps/react-router-dom.js?v=20785bc1:4122:5)
    at RenderErrorBoundary (http://localhost:3001/node_modules/.vite/deps/react-router-dom.js?v=20785bc1:4082:5)
    at DataRoutes (http://localhost:3001/node_modules/.vite/deps/react-router-dom.js?v=20785bc1:5265:5)
    at Router (http://localhost:3001/node_modules/.vite/deps/react-router-dom.js?v=20785bc1:4535:15)
    at RouterProvider (http://localhost:3001/node_modules/.vite/deps/react-router-dom.js?v=20785bc1:5079:5)
    at ItemDetailProvider (http://localhost:3001/src/components/providers/ItemDetailContext.tsx:33:38)
    at QueryClientProvider (http://localhost:3001/node_modules/.vite/deps/chunk-INRFYZBO.js?v=20785bc1:3168:3)
    at PersistQueryClientProvider (http://localhost:3001/node_modules/.vite/deps/@tanstack_react-query-persist-client.js?v=20785bc1:353:3)
    at AuthProvider (http://localhost:3001/src/components/auth/AuthProvider.tsx:29:32)
    at OfflineProvider (http://localhost:3001/src/components/providers/offline-provider.tsx:22:35)
    at Providers (http://localhost:3001/src/components/providers.tsx:44:29)
    at App @ http://localhost:3001/node_modules/.vite/deps/chunk-RPCDYKBN.js?v=20785bc1:520
[    1908ms] [WARNING] ⚠️ React Router Future Flag Warning: React Router will begin wrapping state updates in `React.startTransition` in v7. You can use the `v7_startTransition` future flag to opt-in early. For more information, see https://reactrouter.com/v6/upgrading/future#v7_starttransition. @ http://localhost:3001/node_modules/.vite/deps/react-router-dom.js?v=20785bc1:4426
[    2035ms] [ERROR] Failed to load resource: the server responded with a status of 401 () @ https://api.shomaj.one/api/v1/auth/refresh:0
[    2036ms] [ERROR] Failed to load resource: the server responded with a status of 401 () @ https://api.shomaj.one/api/v1/auth/refresh:0
[    2152ms] [ERROR] Failed to load resource: the server responded with a status of 401 () @ https://api.shomaj.one/api/v1/auth/refresh:0
